<?xml version="1.0" encoding="UTF-8"?>
<testng-results skipped="0" failed="2" total="136" passed="134">
  <reporter-output>
    <line>
      <![CDATA[Saved <a href=./screenshots/1411911432353.png>Screenshot</a>]]>
    </line>
    <line>
      <![CDATA[Saved <a href=./screenshots/1411911475084.png>Screenshot</a>]]>
    </line>
  </reporter-output>
  <suite name="Invoice Suite" duration-ms="89206" started-at="2014-09-28T13:36:55Z" finished-at="2014-09-28T13:38:24Z">
    <groups>
    </groups>
    <test name="Run all invoice tests [FF]" duration-ms="45670" started-at="2014-09-28T13:36:55Z" finished-at="2014-09-28T13:37:41Z">
      <class name="com.nhuha.invoice.tests.Run">
        <test-method status="PASS" signature="setUp(java.lang.String)[pri:0, instance:com.nhuha.invoice.tests.Run@65d6b83b]" name="setUp" is-config="true" duration-ms="5637" started-at="2014-09-28T16:36:55Z" finished-at="2014-09-28T16:37:01Z">
          <params>
            <param index="0">
              <value>
                <![CDATA[firefox]]>
              </value>
            </param>
          </params>
          <reporter-output>
          </reporter-output>
        </test-method> <!-- setUp -->
        <test-method status="PASS" signature="loginAdmin()[pri:0, instance:com.nhuha.invoice.tests.Run@65d6b83b]" name="loginAdmin" is-config="true" duration-ms="22" started-at="2014-09-28T16:37:01Z" finished-at="2014-09-28T16:37:01Z">
          <reporter-output>
          </reporter-output>
        </test-method> <!-- loginAdmin -->
        <test-method status="FAIL" signature="addProductNameValidatioONFalure()[pri:0, instance:com.nhuha.invoice.tests.Run@65d6b83b]" name="addProductNameValidatioONFalure" duration-ms="10793" started-at="2014-09-28T16:37:01Z" finished-at="2014-09-28T16:37:12Z">
          <exception class="org.openqa.selenium.NoSuchElementException">
            <message>
              <![CDATA[Unable to locate element: {"method":"css selector","selector":".tr-cell.test"}
Command duration or timeout: 10.09 seconds
For documentation on this error, please visit: http://seleniumhq.org/exceptions/no_such_element.html
Build info: version: '2.42.2', revision: '6a6995d', time: '2014-06-03 17:42:30'
System info: host: 'Volodymyr-PC', ip: '192.168.1.103', os.name: 'Windows 7', os.arch: 'amd64', os.version: '6.1', java.version: '1.8.0_11'
Driver info: org.openqa.selenium.firefox.FirefoxDriver
Capabilities [{applicationCacheEnabled=true, rotatable=false, handlesAlerts=true, databaseEnabled=true, version=31.0, platform=XP, nativeEvents=false, acceptSslCerts=true, webStorageEnabled=true, locationContextEnabled=true, browserName=firefox, takesScreenshot=true, javascriptEnabled=true, cssSelectorsEnabled=true}]
Session ID: 99a35825-7f3a-4add-9f45-cae35d66c0ad]]>
            </message>
            <full-stacktrace>
              <![CDATA[org.openqa.selenium.NoSuchElementException: Unable to locate element: {"method":"css selector","selector":".tr-cell.test"}
Command duration or timeout: 10.09 seconds
For documentation on this error, please visit: http://seleniumhq.org/exceptions/no_such_element.html
Build info: version: '2.42.2', revision: '6a6995d', time: '2014-06-03 17:42:30'
System info: host: 'Volodymyr-PC', ip: '192.168.1.103', os.name: 'Windows 7', os.arch: 'amd64', os.version: '6.1', java.version: '1.8.0_11'
Driver info: org.openqa.selenium.firefox.FirefoxDriver
Capabilities [{applicationCacheEnabled=true, rotatable=false, handlesAlerts=true, databaseEnabled=true, version=31.0, platform=XP, nativeEvents=false, acceptSslCerts=true, webStorageEnabled=true, locationContextEnabled=true, browserName=firefox, takesScreenshot=true, javascriptEnabled=true, cssSelectorsEnabled=true}]
Session ID: 99a35825-7f3a-4add-9f45-cae35d66c0ad
	at sun.reflect.NativeConstructorAccessorImpl.newInstance0(Native Method)
	at sun.reflect.NativeConstructorAccessorImpl.newInstance(Unknown Source)
	at sun.reflect.DelegatingConstructorAccessorImpl.newInstance(Unknown Source)
	at java.lang.reflect.Constructor.newInstance(Unknown Source)
	at org.openqa.selenium.remote.ErrorHandler.createThrowable(ErrorHandler.java:204)
	at org.openqa.selenium.remote.ErrorHandler.throwIfResponseFailed(ErrorHandler.java:156)
	at org.openqa.selenium.remote.RemoteWebDriver.execute(RemoteWebDriver.java:599)
	at org.openqa.selenium.remote.RemoteWebElement.execute(RemoteWebElement.java:268)
	at org.openqa.selenium.remote.RemoteWebElement.findElement(RemoteWebElement.java:171)
	at org.openqa.selenium.remote.RemoteWebElement.findElementByCssSelector(RemoteWebElement.java:236)
	at org.openqa.selenium.By$ByCssSelector.findElement(By.java:426)
	at org.openqa.selenium.remote.RemoteWebElement.findElement(RemoteWebElement.java:167)
	at com.nhuha.invoice.tests.Run.addProductNameValidatioONFalure(Run.java:73)
	at sun.reflect.NativeMethodAccessorImpl.invoke0(Native Method)
	at sun.reflect.NativeMethodAccessorImpl.invoke(Unknown Source)
	at sun.reflect.DelegatingMethodAccessorImpl.invoke(Unknown Source)
	at java.lang.reflect.Method.invoke(Unknown Source)
	at org.testng.internal.MethodInvocationHelper.invokeMethod(MethodInvocationHelper.java:84)
	at org.testng.internal.Invoker.invokeMethod(Invoker.java:714)
	at org.testng.internal.Invoker.invokeTestMethod(Invoker.java:901)
	at org.testng.internal.Invoker.invokeTestMethods(Invoker.java:1231)
	at org.testng.internal.TestMethodWorker.invokeTestMethods(TestMethodWorker.java:127)
	at org.testng.internal.TestMethodWorker.run(TestMethodWorker.java:111)
	at org.testng.TestRunner.privateRun(TestRunner.java:767)
	at org.testng.TestRunner.run(TestRunner.java:617)
	at org.testng.SuiteRunner.runTest(SuiteRunner.java:334)
	at org.testng.SuiteRunner.runSequentially(SuiteRunner.java:329)
	at org.testng.SuiteRunner.privateRun(SuiteRunner.java:291)
	at org.testng.SuiteRunner.run(SuiteRunner.java:240)
	at org.testng.SuiteRunnerWorker.runSuite(SuiteRunnerWorker.java:52)
	at org.testng.SuiteRunnerWorker.run(SuiteRunnerWorker.java:86)
	at org.testng.TestNG.runSuitesSequentially(TestNG.java:1224)
	at org.testng.TestNG.runSuitesLocally(TestNG.java:1149)
	at org.testng.TestNG.run(TestNG.java:1057)
	at org.testng.remote.RemoteTestNG.run(RemoteTestNG.java:111)
	at org.testng.remote.RemoteTestNG.initAndRun(RemoteTestNG.java:204)
	at org.testng.remote.RemoteTestNG.main(RemoteTestNG.java:175)
Caused by: org.openqa.selenium.remote.ErrorHandler$UnknownServerException: Unable to locate element: {"method":"css selector","selector":".tr-cell.test"}
Build info: version: '2.42.2', revision: '6a6995d', time: '2014-06-03 17:42:30'
System info: host: 'Volodymyr-PC', ip: '192.168.1.103', os.name: 'Windows 7', os.arch: 'amd64', os.version: '6.1', java.version: '1.8.0_11'
Driver info: driver.version: unknown
	at <anonymous class>.FirefoxDriver.prototype.findElementInternal_(file:///C:/Users/VOLODY~1/AppData/Local/Temp/anonymous4214243960361960312webdriver-profile/extensions/fxdriver@googlecode.com/components/driver_component.js:9470:133)
	at <anonymous class>.fxdriver.Timer.prototype.setTimeout/<.notify(file:///C:/Users/VOLODY~1/AppData/Local/Temp/anonymous4214243960361960312webdriver-profile/extensions/fxdriver@googlecode.com/components/driver_component.js:407:5)
]]>
            </full-stacktrace>
          </exception> <!-- org.openqa.selenium.NoSuchElementException -->
          <reporter-output>
            <line>
              <![CDATA[Saved <a href=./screenshots/1411911432353.png>Screenshot</a>]]>
            </line>
          </reporter-output>
        </test-method> <!-- addProductNameValidatioONFalure -->
        <test-method status="PASS" signature="addProductNameValidation()[pri:0, instance:com.nhuha.invoice.tests.Run@65d6b83b]" name="addProductNameValidation" duration-ms="613" started-at="2014-09-28T16:37:12Z" finished-at="2014-09-28T16:37:13Z">
          <reporter-output>
          </reporter-output>
        </test-method> <!-- addProductNameValidation -->
        <test-method status="PASS" signature="addProductPriceQuantity()[pri:0, instance:com.nhuha.invoice.tests.Run@65d6b83b]" name="addProductPriceQuantity" duration-ms="575" started-at="2014-09-28T16:37:13Z" finished-at="2014-09-28T16:37:13Z">
          <reporter-output>
          </reporter-output>
        </test-method> <!-- addProductPriceQuantity -->
        <test-method status="PASS" signature="addProductPriceValidation()[pri:0, instance:com.nhuha.invoice.tests.Run@65d6b83b]" name="addProductPriceValidation" duration-ms="604" started-at="2014-09-28T16:37:13Z" finished-at="2014-09-28T16:37:14Z">
          <reporter-output>
          </reporter-output>
        </test-method> <!-- addProductPriceValidation -->
        <test-method status="PASS" signature="addUnitsKg()[pri:0, instance:com.nhuha.invoice.tests.Run@65d6b83b]" name="addUnitsKg" duration-ms="281" started-at="2014-09-28T16:37:14Z" finished-at="2014-09-28T16:37:14Z">
          <reporter-output>
          </reporter-output>
        </test-method> <!-- addUnitsKg -->
        <test-method status="PASS" signature="addUnitsL()[pri:0, instance:com.nhuha.invoice.tests.Run@65d6b83b]" name="addUnitsL" duration-ms="297" started-at="2014-09-28T16:37:14Z" finished-at="2014-09-28T16:37:14Z">
          <reporter-output>
          </reporter-output>
        </test-method> <!-- addUnitsL -->
        <test-method status="PASS" signature="addUnitsM()[pri:0, instance:com.nhuha.invoice.tests.Run@65d6b83b]" name="addUnitsM" duration-ms="295" started-at="2014-09-28T16:37:14Z" finished-at="2014-09-28T16:37:15Z">
          <reporter-output>
          </reporter-output>
        </test-method> <!-- addUnitsM -->
        <test-method status="PASS" signature="addUnitsM2()[pri:0, instance:com.nhuha.invoice.tests.Run@65d6b83b]" name="addUnitsM2" duration-ms="291" started-at="2014-09-28T16:37:15Z" finished-at="2014-09-28T16:37:15Z">
          <reporter-output>
          </reporter-output>
        </test-method> <!-- addUnitsM2 -->
        <test-method status="PASS" signature="addUnitsPcs()[pri:0, instance:com.nhuha.invoice.tests.Run@65d6b83b]" name="addUnitsPcs" duration-ms="223" started-at="2014-09-28T16:37:15Z" finished-at="2014-09-28T16:37:15Z">
          <reporter-output>
          </reporter-output>
        </test-method> <!-- addUnitsPcs -->
        <test-method status="PASS" signature="cancelEditProduct()[pri:0, instance:com.nhuha.invoice.tests.Run@65d6b83b]" name="cancelEditProduct" duration-ms="708" started-at="2014-09-28T16:37:15Z" finished-at="2014-09-28T16:37:16Z">
          <reporter-output>
          </reporter-output>
        </test-method> <!-- cancelEditProduct -->
        <test-method status="PASS" signature="editPrice()[pri:0, instance:com.nhuha.invoice.tests.Run@65d6b83b]" name="editPrice" duration-ms="554" started-at="2014-09-28T16:37:16Z" finished-at="2014-09-28T16:37:16Z">
          <reporter-output>
          </reporter-output>
        </test-method> <!-- editPrice -->
        <test-method status="PASS" signature="editPriceValidation(java.lang.String)[pri:0, instance:com.nhuha.invoice.tests.Run@65d6b83b]" name="editPriceValidation" duration-ms="547" started-at="2014-09-28T16:37:16Z" data-provider="quantityPriceProvider" finished-at="2014-09-28T16:37:17Z">
          <params>
            <param index="0">
              <value>
                <![CDATA[ ]]>
              </value>
            </param>
          </params>
          <reporter-output>
          </reporter-output>
        </test-method> <!-- editPriceValidation -->
        <test-method status="PASS" signature="editPriceValidation(java.lang.String)[pri:0, instance:com.nhuha.invoice.tests.Run@65d6b83b]" name="editPriceValidation" duration-ms="696" started-at="2014-09-28T16:37:17Z" data-provider="quantityPriceProvider" finished-at="2014-09-28T16:37:18Z">
          <params>
            <param index="0">
              <value>
                <![CDATA[0]]>
              </value>
            </param>
          </params>
          <reporter-output>
          </reporter-output>
        </test-method> <!-- editPriceValidation -->
        <test-method status="PASS" signature="editPriceValidation(java.lang.String)[pri:0, instance:com.nhuha.invoice.tests.Run@65d6b83b]" name="editPriceValidation" duration-ms="586" started-at="2014-09-28T16:37:18Z" data-provider="quantityPriceProvider" finished-at="2014-09-28T16:37:18Z">
          <params>
            <param index="0">
              <value>
                <![CDATA[-1.1]]>
              </value>
            </param>
          </params>
          <reporter-output>
          </reporter-output>
        </test-method> <!-- editPriceValidation -->
        <test-method status="PASS" signature="editPriceValidation(java.lang.String)[pri:0, instance:com.nhuha.invoice.tests.Run@65d6b83b]" name="editPriceValidation" duration-ms="535" started-at="2014-09-28T16:37:18Z" data-provider="quantityPriceProvider" finished-at="2014-09-28T16:37:19Z">
          <params>
            <param index="0">
              <value>
                <![CDATA[C]]>
              </value>
            </param>
          </params>
          <reporter-output>
          </reporter-output>
        </test-method> <!-- editPriceValidation -->
        <test-method status="PASS" signature="editPriceValidation(java.lang.String)[pri:0, instance:com.nhuha.invoice.tests.Run@65d6b83b]" name="editPriceValidation" duration-ms="631" started-at="2014-09-28T16:37:19Z" data-provider="quantityPriceProvider" finished-at="2014-09-28T16:37:19Z">
          <params>
            <param index="0">
              <value>
                <![CDATA[c]]>
              </value>
            </param>
          </params>
          <reporter-output>
          </reporter-output>
        </test-method> <!-- editPriceValidation -->
        <test-method status="PASS" signature="editPriceValidation(java.lang.String)[pri:0, instance:com.nhuha.invoice.tests.Run@65d6b83b]" name="editPriceValidation" duration-ms="547" started-at="2014-09-28T16:37:19Z" data-provider="quantityPriceProvider" finished-at="2014-09-28T16:37:20Z">
          <params>
            <param index="0">
              <value>
                <![CDATA[-1]]>
              </value>
            </param>
          </params>
          <reporter-output>
          </reporter-output>
        </test-method> <!-- editPriceValidation -->
        <test-method status="PASS" signature="editPriceValidation(java.lang.String)[pri:0, instance:com.nhuha.invoice.tests.Run@65d6b83b]" name="editPriceValidation" duration-ms="568" started-at="2014-09-28T16:37:20Z" data-provider="quantityPriceProvider" finished-at="2014-09-28T16:37:20Z">
          <params>
            <param index="0">
              <value>
                <![CDATA[CA]]>
              </value>
            </param>
          </params>
          <reporter-output>
          </reporter-output>
        </test-method> <!-- editPriceValidation -->
        <test-method status="PASS" signature="editPriceValidation(java.lang.String)[pri:0, instance:com.nhuha.invoice.tests.Run@65d6b83b]" name="editPriceValidation" duration-ms="588" started-at="2014-09-28T16:37:20Z" data-provider="quantityPriceProvider" finished-at="2014-09-28T16:37:21Z">
          <params>
            <param index="0">
              <value>
                <![CDATA[ca]]>
              </value>
            </param>
          </params>
          <reporter-output>
          </reporter-output>
        </test-method> <!-- editPriceValidation -->
        <test-method status="PASS" signature="editPriceValidation(java.lang.String)[pri:0, instance:com.nhuha.invoice.tests.Run@65d6b83b]" name="editPriceValidation" duration-ms="573" started-at="2014-09-28T16:37:21Z" data-provider="quantityPriceProvider" finished-at="2014-09-28T16:37:22Z">
          <params>
            <param index="0">
              <value>
                <![CDATA[%$]]>
              </value>
            </param>
          </params>
          <reporter-output>
          </reporter-output>
        </test-method> <!-- editPriceValidation -->
        <test-method status="PASS" signature="editProduct()[pri:0, instance:com.nhuha.invoice.tests.Run@65d6b83b]" name="editProduct" duration-ms="657" started-at="2014-09-28T16:37:22Z" finished-at="2014-09-28T16:37:22Z">
          <reporter-output>
          </reporter-output>
        </test-method> <!-- editProduct -->
        <test-method status="PASS" signature="editProductNameValidation(java.lang.String)[pri:0, instance:com.nhuha.invoice.tests.Run@65d6b83b]" name="editProductNameValidation" duration-ms="545" started-at="2014-09-28T16:37:22Z" data-provider="stringFieldsProvider" finished-at="2014-09-28T16:37:23Z">
          <params>
            <param index="0">
              <value>
                <![CDATA[ ]]>
              </value>
            </param>
          </params>
          <reporter-output>
          </reporter-output>
        </test-method> <!-- editProductNameValidation -->
        <test-method status="PASS" signature="editProductNameValidation(java.lang.String)[pri:0, instance:com.nhuha.invoice.tests.Run@65d6b83b]" name="editProductNameValidation" duration-ms="571" started-at="2014-09-28T16:37:23Z" data-provider="stringFieldsProvider" finished-at="2014-09-28T16:37:23Z">
          <params>
            <param index="0">
              <value>
                <![CDATA[12]]>
              </value>
            </param>
          </params>
          <reporter-output>
          </reporter-output>
        </test-method> <!-- editProductNameValidation -->
        <test-method status="PASS" signature="editProductNameValidation(java.lang.String)[pri:0, instance:com.nhuha.invoice.tests.Run@65d6b83b]" name="editProductNameValidation" duration-ms="556" started-at="2014-09-28T16:37:23Z" data-provider="stringFieldsProvider" finished-at="2014-09-28T16:37:24Z">
          <params>
            <param index="0">
              <value>
                <![CDATA[C]]>
              </value>
            </param>
          </params>
          <reporter-output>
          </reporter-output>
        </test-method> <!-- editProductNameValidation -->
        <test-method status="PASS" signature="editProductNameValidation(java.lang.String)[pri:0, instance:com.nhuha.invoice.tests.Run@65d6b83b]" name="editProductNameValidation" duration-ms="667" started-at="2014-09-28T16:37:24Z" data-provider="stringFieldsProvider" finished-at="2014-09-28T16:37:25Z">
          <params>
            <param index="0">
              <value>
                <![CDATA[c]]>
              </value>
            </param>
          </params>
          <reporter-output>
          </reporter-output>
        </test-method> <!-- editProductNameValidation -->
        <test-method status="PASS" signature="editProductNameValidation(java.lang.String)[pri:0, instance:com.nhuha.invoice.tests.Run@65d6b83b]" name="editProductNameValidation" duration-ms="637" started-at="2014-09-28T16:37:25Z" data-provider="stringFieldsProvider" finished-at="2014-09-28T16:37:25Z">
          <params>
            <param index="0">
              <value>
                <![CDATA[CA]]>
              </value>
            </param>
          </params>
          <reporter-output>
          </reporter-output>
        </test-method> <!-- editProductNameValidation -->
        <test-method status="PASS" signature="editProductNameValidation(java.lang.String)[pri:0, instance:com.nhuha.invoice.tests.Run@65d6b83b]" name="editProductNameValidation" duration-ms="533" started-at="2014-09-28T16:37:25Z" data-provider="stringFieldsProvider" finished-at="2014-09-28T16:37:26Z">
          <params>
            <param index="0">
              <value>
                <![CDATA[ca]]>
              </value>
            </param>
          </params>
          <reporter-output>
          </reporter-output>
        </test-method> <!-- editProductNameValidation -->
        <test-method status="PASS" signature="editProductNameValidation(java.lang.String)[pri:0, instance:com.nhuha.invoice.tests.Run@65d6b83b]" name="editProductNameValidation" duration-ms="574" started-at="2014-09-28T16:37:26Z" data-provider="stringFieldsProvider" finished-at="2014-09-28T16:37:26Z">
          <params>
            <param index="0">
              <value>
                <![CDATA[%$]]>
              </value>
            </param>
          </params>
          <reporter-output>
          </reporter-output>
        </test-method> <!-- editProductNameValidation -->
        <test-method status="PASS" signature="editQantity()[pri:0, instance:com.nhuha.invoice.tests.Run@65d6b83b]" name="editQantity" duration-ms="643" started-at="2014-09-28T16:37:26Z" finished-at="2014-09-28T16:37:27Z">
          <reporter-output>
          </reporter-output>
        </test-method> <!-- editQantity -->
        <test-method status="PASS" signature="editQuantityValidation(java.lang.String)[pri:0, instance:com.nhuha.invoice.tests.Run@65d6b83b]" name="editQuantityValidation" duration-ms="519" started-at="2014-09-28T16:37:27Z" data-provider="quantityPriceProvider" finished-at="2014-09-28T16:37:28Z">
          <params>
            <param index="0">
              <value>
                <![CDATA[ ]]>
              </value>
            </param>
          </params>
          <reporter-output>
          </reporter-output>
        </test-method> <!-- editQuantityValidation -->
        <test-method status="PASS" signature="editQuantityValidation(java.lang.String)[pri:0, instance:com.nhuha.invoice.tests.Run@65d6b83b]" name="editQuantityValidation" duration-ms="543" started-at="2014-09-28T16:37:28Z" data-provider="quantityPriceProvider" finished-at="2014-09-28T16:37:28Z">
          <params>
            <param index="0">
              <value>
                <![CDATA[0]]>
              </value>
            </param>
          </params>
          <reporter-output>
          </reporter-output>
        </test-method> <!-- editQuantityValidation -->
        <test-method status="PASS" signature="editQuantityValidation(java.lang.String)[pri:0, instance:com.nhuha.invoice.tests.Run@65d6b83b]" name="editQuantityValidation" duration-ms="548" started-at="2014-09-28T16:37:28Z" data-provider="quantityPriceProvider" finished-at="2014-09-28T16:37:29Z">
          <params>
            <param index="0">
              <value>
                <![CDATA[-1.1]]>
              </value>
            </param>
          </params>
          <reporter-output>
          </reporter-output>
        </test-method> <!-- editQuantityValidation -->
        <test-method status="PASS" signature="editQuantityValidation(java.lang.String)[pri:0, instance:com.nhuha.invoice.tests.Run@65d6b83b]" name="editQuantityValidation" duration-ms="527" started-at="2014-09-28T16:37:29Z" data-provider="quantityPriceProvider" finished-at="2014-09-28T16:37:29Z">
          <params>
            <param index="0">
              <value>
                <![CDATA[C]]>
              </value>
            </param>
          </params>
          <reporter-output>
          </reporter-output>
        </test-method> <!-- editQuantityValidation -->
        <test-method status="PASS" signature="editQuantityValidation(java.lang.String)[pri:0, instance:com.nhuha.invoice.tests.Run@65d6b83b]" name="editQuantityValidation" duration-ms="684" started-at="2014-09-28T16:37:29Z" data-provider="quantityPriceProvider" finished-at="2014-09-28T16:37:30Z">
          <params>
            <param index="0">
              <value>
                <![CDATA[c]]>
              </value>
            </param>
          </params>
          <reporter-output>
          </reporter-output>
        </test-method> <!-- editQuantityValidation -->
        <test-method status="PASS" signature="editQuantityValidation(java.lang.String)[pri:0, instance:com.nhuha.invoice.tests.Run@65d6b83b]" name="editQuantityValidation" duration-ms="1710" started-at="2014-09-28T16:37:30Z" data-provider="quantityPriceProvider" finished-at="2014-09-28T16:37:32Z">
          <params>
            <param index="0">
              <value>
                <![CDATA[-1]]>
              </value>
            </param>
          </params>
          <reporter-output>
          </reporter-output>
        </test-method> <!-- editQuantityValidation -->
        <test-method status="PASS" signature="editQuantityValidation(java.lang.String)[pri:0, instance:com.nhuha.invoice.tests.Run@65d6b83b]" name="editQuantityValidation" duration-ms="549" started-at="2014-09-28T16:37:32Z" data-provider="quantityPriceProvider" finished-at="2014-09-28T16:37:32Z">
          <params>
            <param index="0">
              <value>
                <![CDATA[CA]]>
              </value>
            </param>
          </params>
          <reporter-output>
          </reporter-output>
        </test-method> <!-- editQuantityValidation -->
        <test-method status="PASS" signature="editQuantityValidation(java.lang.String)[pri:0, instance:com.nhuha.invoice.tests.Run@65d6b83b]" name="editQuantityValidation" duration-ms="812" started-at="2014-09-28T16:37:32Z" data-provider="quantityPriceProvider" finished-at="2014-09-28T16:37:33Z">
          <params>
            <param index="0">
              <value>
                <![CDATA[ca]]>
              </value>
            </param>
          </params>
          <reporter-output>
          </reporter-output>
        </test-method> <!-- editQuantityValidation -->
        <test-method status="PASS" signature="editQuantityValidation(java.lang.String)[pri:0, instance:com.nhuha.invoice.tests.Run@65d6b83b]" name="editQuantityValidation" duration-ms="549" started-at="2014-09-28T16:37:33Z" data-provider="quantityPriceProvider" finished-at="2014-09-28T16:37:33Z">
          <params>
            <param index="0">
              <value>
                <![CDATA[%$]]>
              </value>
            </param>
          </params>
          <reporter-output>
          </reporter-output>
        </test-method> <!-- editQuantityValidation -->
        <test-method status="PASS" signature="editUnit()[pri:0, instance:com.nhuha.invoice.tests.Run@65d6b83b]" name="editUnit" duration-ms="642" started-at="2014-09-28T16:37:33Z" finished-at="2014-09-28T16:37:34Z">
          <reporter-output>
          </reporter-output>
        </test-method> <!-- editUnit -->
        <test-method status="PASS" signature="emptyFieldsValidation()[pri:0, instance:com.nhuha.invoice.tests.Run@65d6b83b]" name="emptyFieldsValidation" duration-ms="89" started-at="2014-09-28T16:37:34Z" finished-at="2014-09-28T16:37:34Z">
          <reporter-output>
          </reporter-output>
        </test-method> <!-- emptyFieldsValidation -->
        <test-method status="PASS" signature="priceValidation(java.lang.String)[pri:0, instance:com.nhuha.invoice.tests.Run@65d6b83b]" name="priceValidation" duration-ms="162" started-at="2014-09-28T16:37:34Z" data-provider="quantityPriceProvider" finished-at="2014-09-28T16:37:34Z">
          <params>
            <param index="0">
              <value>
                <![CDATA[ ]]>
              </value>
            </param>
          </params>
          <reporter-output>
          </reporter-output>
        </test-method> <!-- priceValidation -->
        <test-method status="PASS" signature="priceValidation(java.lang.String)[pri:0, instance:com.nhuha.invoice.tests.Run@65d6b83b]" name="priceValidation" duration-ms="181" started-at="2014-09-28T16:37:34Z" data-provider="quantityPriceProvider" finished-at="2014-09-28T16:37:35Z">
          <params>
            <param index="0">
              <value>
                <![CDATA[0]]>
              </value>
            </param>
          </params>
          <reporter-output>
          </reporter-output>
        </test-method> <!-- priceValidation -->
        <test-method status="PASS" signature="priceValidation(java.lang.String)[pri:0, instance:com.nhuha.invoice.tests.Run@65d6b83b]" name="priceValidation" duration-ms="185" started-at="2014-09-28T16:37:35Z" data-provider="quantityPriceProvider" finished-at="2014-09-28T16:37:35Z">
          <params>
            <param index="0">
              <value>
                <![CDATA[-1.1]]>
              </value>
            </param>
          </params>
          <reporter-output>
          </reporter-output>
        </test-method> <!-- priceValidation -->
        <test-method status="PASS" signature="priceValidation(java.lang.String)[pri:0, instance:com.nhuha.invoice.tests.Run@65d6b83b]" name="priceValidation" duration-ms="164" started-at="2014-09-28T16:37:35Z" data-provider="quantityPriceProvider" finished-at="2014-09-28T16:37:35Z">
          <params>
            <param index="0">
              <value>
                <![CDATA[C]]>
              </value>
            </param>
          </params>
          <reporter-output>
          </reporter-output>
        </test-method> <!-- priceValidation -->
        <test-method status="PASS" signature="priceValidation(java.lang.String)[pri:0, instance:com.nhuha.invoice.tests.Run@65d6b83b]" name="priceValidation" duration-ms="185" started-at="2014-09-28T16:37:35Z" data-provider="quantityPriceProvider" finished-at="2014-09-28T16:37:35Z">
          <params>
            <param index="0">
              <value>
                <![CDATA[c]]>
              </value>
            </param>
          </params>
          <reporter-output>
          </reporter-output>
        </test-method> <!-- priceValidation -->
        <test-method status="PASS" signature="priceValidation(java.lang.String)[pri:0, instance:com.nhuha.invoice.tests.Run@65d6b83b]" name="priceValidation" duration-ms="171" started-at="2014-09-28T16:37:35Z" data-provider="quantityPriceProvider" finished-at="2014-09-28T16:37:35Z">
          <params>
            <param index="0">
              <value>
                <![CDATA[-1]]>
              </value>
            </param>
          </params>
          <reporter-output>
          </reporter-output>
        </test-method> <!-- priceValidation -->
        <test-method status="PASS" signature="priceValidation(java.lang.String)[pri:0, instance:com.nhuha.invoice.tests.Run@65d6b83b]" name="priceValidation" duration-ms="161" started-at="2014-09-28T16:37:35Z" data-provider="quantityPriceProvider" finished-at="2014-09-28T16:37:35Z">
          <params>
            <param index="0">
              <value>
                <![CDATA[CA]]>
              </value>
            </param>
          </params>
          <reporter-output>
          </reporter-output>
        </test-method> <!-- priceValidation -->
        <test-method status="PASS" signature="priceValidation(java.lang.String)[pri:0, instance:com.nhuha.invoice.tests.Run@65d6b83b]" name="priceValidation" duration-ms="152" started-at="2014-09-28T16:37:35Z" data-provider="quantityPriceProvider" finished-at="2014-09-28T16:37:36Z">
          <params>
            <param index="0">
              <value>
                <![CDATA[ca]]>
              </value>
            </param>
          </params>
          <reporter-output>
          </reporter-output>
        </test-method> <!-- priceValidation -->
        <test-method status="PASS" signature="priceValidation(java.lang.String)[pri:0, instance:com.nhuha.invoice.tests.Run@65d6b83b]" name="priceValidation" duration-ms="232" started-at="2014-09-28T16:37:36Z" data-provider="quantityPriceProvider" finished-at="2014-09-28T16:37:36Z">
          <params>
            <param index="0">
              <value>
                <![CDATA[%$]]>
              </value>
            </param>
          </params>
          <reporter-output>
          </reporter-output>
        </test-method> <!-- priceValidation -->
        <test-method status="PASS" signature="productNameValidation(java.lang.String)[pri:0, instance:com.nhuha.invoice.tests.Run@65d6b83b]" name="productNameValidation" duration-ms="184" started-at="2014-09-28T16:37:36Z" data-provider="stringFieldsProvider" finished-at="2014-09-28T16:37:36Z">
          <params>
            <param index="0">
              <value>
                <![CDATA[ ]]>
              </value>
            </param>
          </params>
          <reporter-output>
          </reporter-output>
        </test-method> <!-- productNameValidation -->
        <test-method status="PASS" signature="productNameValidation(java.lang.String)[pri:0, instance:com.nhuha.invoice.tests.Run@65d6b83b]" name="productNameValidation" duration-ms="203" started-at="2014-09-28T16:37:36Z" data-provider="stringFieldsProvider" finished-at="2014-09-28T16:37:36Z">
          <params>
            <param index="0">
              <value>
                <![CDATA[12]]>
              </value>
            </param>
          </params>
          <reporter-output>
          </reporter-output>
        </test-method> <!-- productNameValidation -->
        <test-method status="PASS" signature="productNameValidation(java.lang.String)[pri:0, instance:com.nhuha.invoice.tests.Run@65d6b83b]" name="productNameValidation" duration-ms="177" started-at="2014-09-28T16:37:36Z" data-provider="stringFieldsProvider" finished-at="2014-09-28T16:37:36Z">
          <params>
            <param index="0">
              <value>
                <![CDATA[C]]>
              </value>
            </param>
          </params>
          <reporter-output>
          </reporter-output>
        </test-method> <!-- productNameValidation -->
        <test-method status="PASS" signature="productNameValidation(java.lang.String)[pri:0, instance:com.nhuha.invoice.tests.Run@65d6b83b]" name="productNameValidation" duration-ms="152" started-at="2014-09-28T16:37:36Z" data-provider="stringFieldsProvider" finished-at="2014-09-28T16:37:37Z">
          <params>
            <param index="0">
              <value>
                <![CDATA[c]]>
              </value>
            </param>
          </params>
          <reporter-output>
          </reporter-output>
        </test-method> <!-- productNameValidation -->
        <test-method status="PASS" signature="productNameValidation(java.lang.String)[pri:0, instance:com.nhuha.invoice.tests.Run@65d6b83b]" name="productNameValidation" duration-ms="175" started-at="2014-09-28T16:37:37Z" data-provider="stringFieldsProvider" finished-at="2014-09-28T16:37:37Z">
          <params>
            <param index="0">
              <value>
                <![CDATA[CA]]>
              </value>
            </param>
          </params>
          <reporter-output>
          </reporter-output>
        </test-method> <!-- productNameValidation -->
        <test-method status="PASS" signature="productNameValidation(java.lang.String)[pri:0, instance:com.nhuha.invoice.tests.Run@65d6b83b]" name="productNameValidation" duration-ms="160" started-at="2014-09-28T16:37:37Z" data-provider="stringFieldsProvider" finished-at="2014-09-28T16:37:37Z">
          <params>
            <param index="0">
              <value>
                <![CDATA[ca]]>
              </value>
            </param>
          </params>
          <reporter-output>
          </reporter-output>
        </test-method> <!-- productNameValidation -->
        <test-method status="PASS" signature="productNameValidation(java.lang.String)[pri:0, instance:com.nhuha.invoice.tests.Run@65d6b83b]" name="productNameValidation" duration-ms="163" started-at="2014-09-28T16:37:37Z" data-provider="stringFieldsProvider" finished-at="2014-09-28T16:37:37Z">
          <params>
            <param index="0">
              <value>
                <![CDATA[%$]]>
              </value>
            </param>
          </params>
          <reporter-output>
          </reporter-output>
        </test-method> <!-- productNameValidation -->
        <test-method status="PASS" signature="quantityValidation(java.lang.String)[pri:0, instance:com.nhuha.invoice.tests.Run@65d6b83b]" name="quantityValidation" duration-ms="163" started-at="2014-09-28T16:37:37Z" data-provider="quantityPriceProvider" finished-at="2014-09-28T16:37:37Z">
          <params>
            <param index="0">
              <value>
                <![CDATA[ ]]>
              </value>
            </param>
          </params>
          <reporter-output>
          </reporter-output>
        </test-method> <!-- quantityValidation -->
        <test-method status="PASS" signature="quantityValidation(java.lang.String)[pri:0, instance:com.nhuha.invoice.tests.Run@65d6b83b]" name="quantityValidation" duration-ms="161" started-at="2014-09-28T16:37:37Z" data-provider="quantityPriceProvider" finished-at="2014-09-28T16:37:37Z">
          <params>
            <param index="0">
              <value>
                <![CDATA[0]]>
              </value>
            </param>
          </params>
          <reporter-output>
          </reporter-output>
        </test-method> <!-- quantityValidation -->
        <test-method status="PASS" signature="quantityValidation(java.lang.String)[pri:0, instance:com.nhuha.invoice.tests.Run@65d6b83b]" name="quantityValidation" duration-ms="168" started-at="2014-09-28T16:37:37Z" data-provider="quantityPriceProvider" finished-at="2014-09-28T16:37:38Z">
          <params>
            <param index="0">
              <value>
                <![CDATA[-1.1]]>
              </value>
            </param>
          </params>
          <reporter-output>
          </reporter-output>
        </test-method> <!-- quantityValidation -->
        <test-method status="PASS" signature="quantityValidation(java.lang.String)[pri:0, instance:com.nhuha.invoice.tests.Run@65d6b83b]" name="quantityValidation" duration-ms="159" started-at="2014-09-28T16:37:38Z" data-provider="quantityPriceProvider" finished-at="2014-09-28T16:37:38Z">
          <params>
            <param index="0">
              <value>
                <![CDATA[C]]>
              </value>
            </param>
          </params>
          <reporter-output>
          </reporter-output>
        </test-method> <!-- quantityValidation -->
        <test-method status="PASS" signature="quantityValidation(java.lang.String)[pri:0, instance:com.nhuha.invoice.tests.Run@65d6b83b]" name="quantityValidation" duration-ms="164" started-at="2014-09-28T16:37:38Z" data-provider="quantityPriceProvider" finished-at="2014-09-28T16:37:38Z">
          <params>
            <param index="0">
              <value>
                <![CDATA[c]]>
              </value>
            </param>
          </params>
          <reporter-output>
          </reporter-output>
        </test-method> <!-- quantityValidation -->
        <test-method status="PASS" signature="quantityValidation(java.lang.String)[pri:0, instance:com.nhuha.invoice.tests.Run@65d6b83b]" name="quantityValidation" duration-ms="171" started-at="2014-09-28T16:37:38Z" data-provider="quantityPriceProvider" finished-at="2014-09-28T16:37:38Z">
          <params>
            <param index="0">
              <value>
                <![CDATA[-1]]>
              </value>
            </param>
          </params>
          <reporter-output>
          </reporter-output>
        </test-method> <!-- quantityValidation -->
        <test-method status="PASS" signature="quantityValidation(java.lang.String)[pri:0, instance:com.nhuha.invoice.tests.Run@65d6b83b]" name="quantityValidation" duration-ms="212" started-at="2014-09-28T16:37:38Z" data-provider="quantityPriceProvider" finished-at="2014-09-28T16:37:38Z">
          <params>
            <param index="0">
              <value>
                <![CDATA[CA]]>
              </value>
            </param>
          </params>
          <reporter-output>
          </reporter-output>
        </test-method> <!-- quantityValidation -->
        <test-method status="PASS" signature="quantityValidation(java.lang.String)[pri:0, instance:com.nhuha.invoice.tests.Run@65d6b83b]" name="quantityValidation" duration-ms="312" started-at="2014-09-28T16:37:38Z" data-provider="quantityPriceProvider" finished-at="2014-09-28T16:37:39Z">
          <params>
            <param index="0">
              <value>
                <![CDATA[ca]]>
              </value>
            </param>
          </params>
          <reporter-output>
          </reporter-output>
        </test-method> <!-- quantityValidation -->
        <test-method status="PASS" signature="quantityValidation(java.lang.String)[pri:0, instance:com.nhuha.invoice.tests.Run@65d6b83b]" name="quantityValidation" duration-ms="176" started-at="2014-09-28T16:37:39Z" data-provider="quantityPriceProvider" finished-at="2014-09-28T16:37:39Z">
          <params>
            <param index="0">
              <value>
                <![CDATA[%$]]>
              </value>
            </param>
          </params>
          <reporter-output>
          </reporter-output>
        </test-method> <!-- quantityValidation -->
        <test-method status="PASS" signature="removeProduct()[pri:0, instance:com.nhuha.invoice.tests.Run@65d6b83b]" name="removeProduct" duration-ms="546" started-at="2014-09-28T16:37:39Z" finished-at="2014-09-28T16:37:39Z">
          <reporter-output>
          </reporter-output>
        </test-method> <!-- removeProduct -->
        <test-method status="PASS" signature="totalPriceVerification()[pri:0, instance:com.nhuha.invoice.tests.Run@65d6b83b]" name="totalPriceVerification" duration-ms="938" started-at="2014-09-28T16:37:39Z" finished-at="2014-09-28T16:37:40Z">
          <reporter-output>
          </reporter-output>
        </test-method> <!-- totalPriceVerification -->
        <test-method status="PASS" signature="totalProductPriceVerification()[pri:0, instance:com.nhuha.invoice.tests.Run@65d6b83b]" name="totalProductPriceVerification" duration-ms="654" started-at="2014-09-28T16:37:40Z" finished-at="2014-09-28T16:37:41Z">
          <reporter-output>
          </reporter-output>
        </test-method> <!-- totalProductPriceVerification -->
        <test-method status="PASS" signature="closeBrowser()[pri:0, instance:com.nhuha.invoice.tests.Run@65d6b83b]" name="closeBrowser" is-config="true" duration-ms="85" started-at="2014-09-28T16:37:41Z" finished-at="2014-09-28T16:37:41Z">
          <reporter-output>
          </reporter-output>
        </test-method> <!-- closeBrowser -->
      </class> <!-- com.nhuha.invoice.tests.Run -->
    </test> <!-- Run all invoice tests [FF] -->
    <test name="Run all invoice tests [Chrome]" duration-ms="43506" started-at="2014-09-28T13:37:41Z" finished-at="2014-09-28T13:38:24Z">
      <class name="com.nhuha.invoice.tests.Run">
        <test-method status="PASS" signature="setUp(java.lang.String)[pri:0, instance:com.nhuha.invoice.tests.Run@3aefe5e5]" name="setUp" is-config="true" duration-ms="2750" started-at="2014-09-28T16:37:41Z" finished-at="2014-09-28T16:37:44Z">
          <params>
            <param index="0">
              <value>
                <![CDATA[chrome]]>
              </value>
            </param>
          </params>
          <reporter-output>
          </reporter-output>
        </test-method> <!-- setUp -->
        <test-method status="PASS" signature="loginAdmin()[pri:0, instance:com.nhuha.invoice.tests.Run@3aefe5e5]" name="loginAdmin" is-config="true" duration-ms="2" started-at="2014-09-28T16:37:44Z" finished-at="2014-09-28T16:37:44Z">
          <reporter-output>
          </reporter-output>
        </test-method> <!-- loginAdmin -->
        <test-method status="FAIL" signature="addProductNameValidatioONFalure()[pri:0, instance:com.nhuha.invoice.tests.Run@3aefe5e5]" name="addProductNameValidatioONFalure" duration-ms="10748" started-at="2014-09-28T16:37:44Z" finished-at="2014-09-28T16:37:54Z">
          <exception class="org.openqa.selenium.NoSuchElementException">
            <message>
              <![CDATA[no such element
  (Session info: chrome=37.0.2062.124)
  (Driver info: chromedriver=2.9.248315,platform=Windows NT 6.1 SP1 x86_64) (WARNING: The server did not provide any stacktrace information)
Command duration or timeout: 10.04 seconds
For documentation on this error, please visit: http://seleniumhq.org/exceptions/no_such_element.html
Build info: version: '2.42.2', revision: '6a6995d', time: '2014-06-03 17:42:30'
System info: host: 'Volodymyr-PC', ip: '192.168.1.103', os.name: 'Windows 7', os.arch: 'amd64', os.version: '6.1', java.version: '1.8.0_11'
Driver info: org.openqa.selenium.chrome.ChromeDriver
Capabilities [{applicationCacheEnabled=false, rotatable=false, chrome={userDataDir=C:\Users\VOLODY~1\AppData\Local\Temp\scoped_dir7976_23724}, takesHeapSnapshot=true, databaseEnabled=false, handlesAlerts=true, version=37.0.2062.124, platform=XP, browserConnectionEnabled=false, nativeEvents=true, acceptSslCerts=true, locationContextEnabled=true, webStorageEnabled=true, browserName=chrome, takesScreenshot=true, javascriptEnabled=true, cssSelectorsEnabled=true}]
Session ID: 7711cc9ec78b325c9e5d58211c3b6862]]>
            </message>
            <full-stacktrace>
              <![CDATA[org.openqa.selenium.NoSuchElementException: no such element
  (Session info: chrome=37.0.2062.124)
  (Driver info: chromedriver=2.9.248315,platform=Windows NT 6.1 SP1 x86_64) (WARNING: The server did not provide any stacktrace information)
Command duration or timeout: 10.04 seconds
For documentation on this error, please visit: http://seleniumhq.org/exceptions/no_such_element.html
Build info: version: '2.42.2', revision: '6a6995d', time: '2014-06-03 17:42:30'
System info: host: 'Volodymyr-PC', ip: '192.168.1.103', os.name: 'Windows 7', os.arch: 'amd64', os.version: '6.1', java.version: '1.8.0_11'
Driver info: org.openqa.selenium.chrome.ChromeDriver
Capabilities [{applicationCacheEnabled=false, rotatable=false, chrome={userDataDir=C:\Users\VOLODY~1\AppData\Local\Temp\scoped_dir7976_23724}, takesHeapSnapshot=true, databaseEnabled=false, handlesAlerts=true, version=37.0.2062.124, platform=XP, browserConnectionEnabled=false, nativeEvents=true, acceptSslCerts=true, locationContextEnabled=true, webStorageEnabled=true, browserName=chrome, takesScreenshot=true, javascriptEnabled=true, cssSelectorsEnabled=true}]
Session ID: 7711cc9ec78b325c9e5d58211c3b6862
	at sun.reflect.NativeConstructorAccessorImpl.newInstance0(Native Method)
	at sun.reflect.NativeConstructorAccessorImpl.newInstance(Unknown Source)
	at sun.reflect.DelegatingConstructorAccessorImpl.newInstance(Unknown Source)
	at java.lang.reflect.Constructor.newInstance(Unknown Source)
	at org.openqa.selenium.remote.ErrorHandler.createThrowable(ErrorHandler.java:204)
	at org.openqa.selenium.remote.ErrorHandler.throwIfResponseFailed(ErrorHandler.java:156)
	at org.openqa.selenium.remote.RemoteWebDriver.execute(RemoteWebDriver.java:599)
	at org.openqa.selenium.remote.RemoteWebElement.execute(RemoteWebElement.java:268)
	at org.openqa.selenium.remote.RemoteWebElement.findElement(RemoteWebElement.java:171)
	at org.openqa.selenium.remote.RemoteWebElement.findElementByCssSelector(RemoteWebElement.java:236)
	at org.openqa.selenium.By$ByCssSelector.findElement(By.java:426)
	at org.openqa.selenium.remote.RemoteWebElement.findElement(RemoteWebElement.java:167)
	at com.nhuha.invoice.tests.Run.addProductNameValidatioONFalure(Run.java:73)
	at sun.reflect.NativeMethodAccessorImpl.invoke0(Native Method)
	at sun.reflect.NativeMethodAccessorImpl.invoke(Unknown Source)
	at sun.reflect.DelegatingMethodAccessorImpl.invoke(Unknown Source)
	at java.lang.reflect.Method.invoke(Unknown Source)
	at org.testng.internal.MethodInvocationHelper.invokeMethod(MethodInvocationHelper.java:84)
	at org.testng.internal.Invoker.invokeMethod(Invoker.java:714)
	at org.testng.internal.Invoker.invokeTestMethod(Invoker.java:901)
	at org.testng.internal.Invoker.invokeTestMethods(Invoker.java:1231)
	at org.testng.internal.TestMethodWorker.invokeTestMethods(TestMethodWorker.java:127)
	at org.testng.internal.TestMethodWorker.run(TestMethodWorker.java:111)
	at org.testng.TestRunner.privateRun(TestRunner.java:767)
	at org.testng.TestRunner.run(TestRunner.java:617)
	at org.testng.SuiteRunner.runTest(SuiteRunner.java:334)
	at org.testng.SuiteRunner.runSequentially(SuiteRunner.java:329)
	at org.testng.SuiteRunner.privateRun(SuiteRunner.java:291)
	at org.testng.SuiteRunner.run(SuiteRunner.java:240)
	at org.testng.SuiteRunnerWorker.runSuite(SuiteRunnerWorker.java:52)
	at org.testng.SuiteRunnerWorker.run(SuiteRunnerWorker.java:86)
	at org.testng.TestNG.runSuitesSequentially(TestNG.java:1224)
	at org.testng.TestNG.runSuitesLocally(TestNG.java:1149)
	at org.testng.TestNG.run(TestNG.java:1057)
	at org.testng.remote.RemoteTestNG.run(RemoteTestNG.java:111)
	at org.testng.remote.RemoteTestNG.initAndRun(RemoteTestNG.java:204)
	at org.testng.remote.RemoteTestNG.main(RemoteTestNG.java:175)
]]>
            </full-stacktrace>
          </exception> <!-- org.openqa.selenium.NoSuchElementException -->
          <reporter-output>
            <line>
              <![CDATA[Saved <a href=./screenshots/1411911475084.png>Screenshot</a>]]>
            </line>
          </reporter-output>
        </test-method> <!-- addProductNameValidatioONFalure -->
        <test-method status="PASS" signature="addProductNameValidation()[pri:0, instance:com.nhuha.invoice.tests.Run@3aefe5e5]" name="addProductNameValidation" duration-ms="638" started-at="2014-09-28T16:37:55Z" finished-at="2014-09-28T16:37:55Z">
          <reporter-output>
          </reporter-output>
        </test-method> <!-- addProductNameValidation -->
        <test-method status="PASS" signature="addProductPriceQuantity()[pri:0, instance:com.nhuha.invoice.tests.Run@3aefe5e5]" name="addProductPriceQuantity" duration-ms="598" started-at="2014-09-28T16:37:55Z" finished-at="2014-09-28T16:37:56Z">
          <reporter-output>
          </reporter-output>
        </test-method> <!-- addProductPriceQuantity -->
        <test-method status="PASS" signature="addProductPriceValidation()[pri:0, instance:com.nhuha.invoice.tests.Run@3aefe5e5]" name="addProductPriceValidation" duration-ms="631" started-at="2014-09-28T16:37:56Z" finished-at="2014-09-28T16:37:56Z">
          <reporter-output>
          </reporter-output>
        </test-method> <!-- addProductPriceValidation -->
        <test-method status="PASS" signature="addUnitsKg()[pri:0, instance:com.nhuha.invoice.tests.Run@3aefe5e5]" name="addUnitsKg" duration-ms="328" started-at="2014-09-28T16:37:56Z" finished-at="2014-09-28T16:37:57Z">
          <reporter-output>
          </reporter-output>
        </test-method> <!-- addUnitsKg -->
        <test-method status="PASS" signature="addUnitsL()[pri:0, instance:com.nhuha.invoice.tests.Run@3aefe5e5]" name="addUnitsL" duration-ms="286" started-at="2014-09-28T16:37:57Z" finished-at="2014-09-28T16:37:57Z">
          <reporter-output>
          </reporter-output>
        </test-method> <!-- addUnitsL -->
        <test-method status="PASS" signature="addUnitsM()[pri:0, instance:com.nhuha.invoice.tests.Run@3aefe5e5]" name="addUnitsM" duration-ms="304" started-at="2014-09-28T16:37:57Z" finished-at="2014-09-28T16:37:57Z">
          <reporter-output>
          </reporter-output>
        </test-method> <!-- addUnitsM -->
        <test-method status="PASS" signature="addUnitsM2()[pri:0, instance:com.nhuha.invoice.tests.Run@3aefe5e5]" name="addUnitsM2" duration-ms="317" started-at="2014-09-28T16:37:57Z" finished-at="2014-09-28T16:37:58Z">
          <reporter-output>
          </reporter-output>
        </test-method> <!-- addUnitsM2 -->
        <test-method status="PASS" signature="addUnitsPcs()[pri:0, instance:com.nhuha.invoice.tests.Run@3aefe5e5]" name="addUnitsPcs" duration-ms="277" started-at="2014-09-28T16:37:58Z" finished-at="2014-09-28T16:37:58Z">
          <reporter-output>
          </reporter-output>
        </test-method> <!-- addUnitsPcs -->
        <test-method status="PASS" signature="cancelEditProduct()[pri:0, instance:com.nhuha.invoice.tests.Run@3aefe5e5]" name="cancelEditProduct" duration-ms="952" started-at="2014-09-28T16:37:58Z" finished-at="2014-09-28T16:37:59Z">
          <reporter-output>
          </reporter-output>
        </test-method> <!-- cancelEditProduct -->
        <test-method status="PASS" signature="editPrice()[pri:0, instance:com.nhuha.invoice.tests.Run@3aefe5e5]" name="editPrice" duration-ms="613" started-at="2014-09-28T16:37:59Z" finished-at="2014-09-28T16:38:00Z">
          <reporter-output>
          </reporter-output>
        </test-method> <!-- editPrice -->
        <test-method status="PASS" signature="editPriceValidation(java.lang.String)[pri:0, instance:com.nhuha.invoice.tests.Run@3aefe5e5]" name="editPriceValidation" duration-ms="567" started-at="2014-09-28T16:38:00Z" data-provider="quantityPriceProvider" finished-at="2014-09-28T16:38:00Z">
          <params>
            <param index="0">
              <value>
                <![CDATA[ ]]>
              </value>
            </param>
          </params>
          <reporter-output>
          </reporter-output>
        </test-method> <!-- editPriceValidation -->
        <test-method status="PASS" signature="editPriceValidation(java.lang.String)[pri:0, instance:com.nhuha.invoice.tests.Run@3aefe5e5]" name="editPriceValidation" duration-ms="601" started-at="2014-09-28T16:38:00Z" data-provider="quantityPriceProvider" finished-at="2014-09-28T16:38:01Z">
          <params>
            <param index="0">
              <value>
                <![CDATA[0]]>
              </value>
            </param>
          </params>
          <reporter-output>
          </reporter-output>
        </test-method> <!-- editPriceValidation -->
        <test-method status="PASS" signature="editPriceValidation(java.lang.String)[pri:0, instance:com.nhuha.invoice.tests.Run@3aefe5e5]" name="editPriceValidation" duration-ms="624" started-at="2014-09-28T16:38:01Z" data-provider="quantityPriceProvider" finished-at="2014-09-28T16:38:01Z">
          <params>
            <param index="0">
              <value>
                <![CDATA[-1.1]]>
              </value>
            </param>
          </params>
          <reporter-output>
          </reporter-output>
        </test-method> <!-- editPriceValidation -->
        <test-method status="PASS" signature="editPriceValidation(java.lang.String)[pri:0, instance:com.nhuha.invoice.tests.Run@3aefe5e5]" name="editPriceValidation" duration-ms="563" started-at="2014-09-28T16:38:01Z" data-provider="quantityPriceProvider" finished-at="2014-09-28T16:38:02Z">
          <params>
            <param index="0">
              <value>
                <![CDATA[C]]>
              </value>
            </param>
          </params>
          <reporter-output>
          </reporter-output>
        </test-method> <!-- editPriceValidation -->
        <test-method status="PASS" signature="editPriceValidation(java.lang.String)[pri:0, instance:com.nhuha.invoice.tests.Run@3aefe5e5]" name="editPriceValidation" duration-ms="586" started-at="2014-09-28T16:38:02Z" data-provider="quantityPriceProvider" finished-at="2014-09-28T16:38:02Z">
          <params>
            <param index="0">
              <value>
                <![CDATA[c]]>
              </value>
            </param>
          </params>
          <reporter-output>
          </reporter-output>
        </test-method> <!-- editPriceValidation -->
        <test-method status="PASS" signature="editPriceValidation(java.lang.String)[pri:0, instance:com.nhuha.invoice.tests.Run@3aefe5e5]" name="editPriceValidation" duration-ms="619" started-at="2014-09-28T16:38:02Z" data-provider="quantityPriceProvider" finished-at="2014-09-28T16:38:03Z">
          <params>
            <param index="0">
              <value>
                <![CDATA[-1]]>
              </value>
            </param>
          </params>
          <reporter-output>
          </reporter-output>
        </test-method> <!-- editPriceValidation -->
        <test-method status="PASS" signature="editPriceValidation(java.lang.String)[pri:0, instance:com.nhuha.invoice.tests.Run@3aefe5e5]" name="editPriceValidation" duration-ms="586" started-at="2014-09-28T16:38:03Z" data-provider="quantityPriceProvider" finished-at="2014-09-28T16:38:04Z">
          <params>
            <param index="0">
              <value>
                <![CDATA[CA]]>
              </value>
            </param>
          </params>
          <reporter-output>
          </reporter-output>
        </test-method> <!-- editPriceValidation -->
        <test-method status="PASS" signature="editPriceValidation(java.lang.String)[pri:0, instance:com.nhuha.invoice.tests.Run@3aefe5e5]" name="editPriceValidation" duration-ms="623" started-at="2014-09-28T16:38:04Z" data-provider="quantityPriceProvider" finished-at="2014-09-28T16:38:04Z">
          <params>
            <param index="0">
              <value>
                <![CDATA[ca]]>
              </value>
            </param>
          </params>
          <reporter-output>
          </reporter-output>
        </test-method> <!-- editPriceValidation -->
        <test-method status="PASS" signature="editPriceValidation(java.lang.String)[pri:0, instance:com.nhuha.invoice.tests.Run@3aefe5e5]" name="editPriceValidation" duration-ms="561" started-at="2014-09-28T16:38:04Z" data-provider="quantityPriceProvider" finished-at="2014-09-28T16:38:05Z">
          <params>
            <param index="0">
              <value>
                <![CDATA[%$]]>
              </value>
            </param>
          </params>
          <reporter-output>
          </reporter-output>
        </test-method> <!-- editPriceValidation -->
        <test-method status="PASS" signature="editProduct()[pri:0, instance:com.nhuha.invoice.tests.Run@3aefe5e5]" name="editProduct" duration-ms="660" started-at="2014-09-28T16:38:05Z" finished-at="2014-09-28T16:38:06Z">
          <reporter-output>
          </reporter-output>
        </test-method> <!-- editProduct -->
        <test-method status="PASS" signature="editProductNameValidation(java.lang.String)[pri:0, instance:com.nhuha.invoice.tests.Run@3aefe5e5]" name="editProductNameValidation" duration-ms="567" started-at="2014-09-28T16:38:06Z" data-provider="stringFieldsProvider" finished-at="2014-09-28T16:38:06Z">
          <params>
            <param index="0">
              <value>
                <![CDATA[ ]]>
              </value>
            </param>
          </params>
          <reporter-output>
          </reporter-output>
        </test-method> <!-- editProductNameValidation -->
        <test-method status="PASS" signature="editProductNameValidation(java.lang.String)[pri:0, instance:com.nhuha.invoice.tests.Run@3aefe5e5]" name="editProductNameValidation" duration-ms="578" started-at="2014-09-28T16:38:06Z" data-provider="stringFieldsProvider" finished-at="2014-09-28T16:38:07Z">
          <params>
            <param index="0">
              <value>
                <![CDATA[12]]>
              </value>
            </param>
          </params>
          <reporter-output>
          </reporter-output>
        </test-method> <!-- editProductNameValidation -->
        <test-method status="PASS" signature="editProductNameValidation(java.lang.String)[pri:0, instance:com.nhuha.invoice.tests.Run@3aefe5e5]" name="editProductNameValidation" duration-ms="571" started-at="2014-09-28T16:38:07Z" data-provider="stringFieldsProvider" finished-at="2014-09-28T16:38:07Z">
          <params>
            <param index="0">
              <value>
                <![CDATA[C]]>
              </value>
            </param>
          </params>
          <reporter-output>
          </reporter-output>
        </test-method> <!-- editProductNameValidation -->
        <test-method status="PASS" signature="editProductNameValidation(java.lang.String)[pri:0, instance:com.nhuha.invoice.tests.Run@3aefe5e5]" name="editProductNameValidation" duration-ms="568" started-at="2014-09-28T16:38:07Z" data-provider="stringFieldsProvider" finished-at="2014-09-28T16:38:08Z">
          <params>
            <param index="0">
              <value>
                <![CDATA[c]]>
              </value>
            </param>
          </params>
          <reporter-output>
          </reporter-output>
        </test-method> <!-- editProductNameValidation -->
        <test-method status="PASS" signature="editProductNameValidation(java.lang.String)[pri:0, instance:com.nhuha.invoice.tests.Run@3aefe5e5]" name="editProductNameValidation" duration-ms="586" started-at="2014-09-28T16:38:08Z" data-provider="stringFieldsProvider" finished-at="2014-09-28T16:38:08Z">
          <params>
            <param index="0">
              <value>
                <![CDATA[CA]]>
              </value>
            </param>
          </params>
          <reporter-output>
          </reporter-output>
        </test-method> <!-- editProductNameValidation -->
        <test-method status="PASS" signature="editProductNameValidation(java.lang.String)[pri:0, instance:com.nhuha.invoice.tests.Run@3aefe5e5]" name="editProductNameValidation" duration-ms="586" started-at="2014-09-28T16:38:08Z" data-provider="stringFieldsProvider" finished-at="2014-09-28T16:38:09Z">
          <params>
            <param index="0">
              <value>
                <![CDATA[ca]]>
              </value>
            </param>
          </params>
          <reporter-output>
          </reporter-output>
        </test-method> <!-- editProductNameValidation -->
        <test-method status="PASS" signature="editProductNameValidation(java.lang.String)[pri:0, instance:com.nhuha.invoice.tests.Run@3aefe5e5]" name="editProductNameValidation" duration-ms="597" started-at="2014-09-28T16:38:09Z" data-provider="stringFieldsProvider" finished-at="2014-09-28T16:38:10Z">
          <params>
            <param index="0">
              <value>
                <![CDATA[%$]]>
              </value>
            </param>
          </params>
          <reporter-output>
          </reporter-output>
        </test-method> <!-- editProductNameValidation -->
        <test-method status="PASS" signature="editQantity()[pri:0, instance:com.nhuha.invoice.tests.Run@3aefe5e5]" name="editQantity" duration-ms="621" started-at="2014-09-28T16:38:10Z" finished-at="2014-09-28T16:38:10Z">
          <reporter-output>
          </reporter-output>
        </test-method> <!-- editQantity -->
        <test-method status="PASS" signature="editQuantityValidation(java.lang.String)[pri:0, instance:com.nhuha.invoice.tests.Run@3aefe5e5]" name="editQuantityValidation" duration-ms="612" started-at="2014-09-28T16:38:10Z" data-provider="quantityPriceProvider" finished-at="2014-09-28T16:38:11Z">
          <params>
            <param index="0">
              <value>
                <![CDATA[ ]]>
              </value>
            </param>
          </params>
          <reporter-output>
          </reporter-output>
        </test-method> <!-- editQuantityValidation -->
        <test-method status="PASS" signature="editQuantityValidation(java.lang.String)[pri:0, instance:com.nhuha.invoice.tests.Run@3aefe5e5]" name="editQuantityValidation" duration-ms="623" started-at="2014-09-28T16:38:11Z" data-provider="quantityPriceProvider" finished-at="2014-09-28T16:38:11Z">
          <params>
            <param index="0">
              <value>
                <![CDATA[0]]>
              </value>
            </param>
          </params>
          <reporter-output>
          </reporter-output>
        </test-method> <!-- editQuantityValidation -->
        <test-method status="PASS" signature="editQuantityValidation(java.lang.String)[pri:0, instance:com.nhuha.invoice.tests.Run@3aefe5e5]" name="editQuantityValidation" duration-ms="637" started-at="2014-09-28T16:38:11Z" data-provider="quantityPriceProvider" finished-at="2014-09-28T16:38:12Z">
          <params>
            <param index="0">
              <value>
                <![CDATA[-1.1]]>
              </value>
            </param>
          </params>
          <reporter-output>
          </reporter-output>
        </test-method> <!-- editQuantityValidation -->
        <test-method status="PASS" signature="editQuantityValidation(java.lang.String)[pri:0, instance:com.nhuha.invoice.tests.Run@3aefe5e5]" name="editQuantityValidation" duration-ms="583" started-at="2014-09-28T16:38:12Z" data-provider="quantityPriceProvider" finished-at="2014-09-28T16:38:13Z">
          <params>
            <param index="0">
              <value>
                <![CDATA[C]]>
              </value>
            </param>
          </params>
          <reporter-output>
          </reporter-output>
        </test-method> <!-- editQuantityValidation -->
        <test-method status="PASS" signature="editQuantityValidation(java.lang.String)[pri:0, instance:com.nhuha.invoice.tests.Run@3aefe5e5]" name="editQuantityValidation" duration-ms="589" started-at="2014-09-28T16:38:13Z" data-provider="quantityPriceProvider" finished-at="2014-09-28T16:38:13Z">
          <params>
            <param index="0">
              <value>
                <![CDATA[c]]>
              </value>
            </param>
          </params>
          <reporter-output>
          </reporter-output>
        </test-method> <!-- editQuantityValidation -->
        <test-method status="PASS" signature="editQuantityValidation(java.lang.String)[pri:0, instance:com.nhuha.invoice.tests.Run@3aefe5e5]" name="editQuantityValidation" duration-ms="596" started-at="2014-09-28T16:38:13Z" data-provider="quantityPriceProvider" finished-at="2014-09-28T16:38:14Z">
          <params>
            <param index="0">
              <value>
                <![CDATA[-1]]>
              </value>
            </param>
          </params>
          <reporter-output>
          </reporter-output>
        </test-method> <!-- editQuantityValidation -->
        <test-method status="PASS" signature="editQuantityValidation(java.lang.String)[pri:0, instance:com.nhuha.invoice.tests.Run@3aefe5e5]" name="editQuantityValidation" duration-ms="592" started-at="2014-09-28T16:38:14Z" data-provider="quantityPriceProvider" finished-at="2014-09-28T16:38:14Z">
          <params>
            <param index="0">
              <value>
                <![CDATA[CA]]>
              </value>
            </param>
          </params>
          <reporter-output>
          </reporter-output>
        </test-method> <!-- editQuantityValidation -->
        <test-method status="PASS" signature="editQuantityValidation(java.lang.String)[pri:0, instance:com.nhuha.invoice.tests.Run@3aefe5e5]" name="editQuantityValidation" duration-ms="598" started-at="2014-09-28T16:38:14Z" data-provider="quantityPriceProvider" finished-at="2014-09-28T16:38:15Z">
          <params>
            <param index="0">
              <value>
                <![CDATA[ca]]>
              </value>
            </param>
          </params>
          <reporter-output>
          </reporter-output>
        </test-method> <!-- editQuantityValidation -->
        <test-method status="PASS" signature="editQuantityValidation(java.lang.String)[pri:0, instance:com.nhuha.invoice.tests.Run@3aefe5e5]" name="editQuantityValidation" duration-ms="613" started-at="2014-09-28T16:38:15Z" data-provider="quantityPriceProvider" finished-at="2014-09-28T16:38:16Z">
          <params>
            <param index="0">
              <value>
                <![CDATA[%$]]>
              </value>
            </param>
          </params>
          <reporter-output>
          </reporter-output>
        </test-method> <!-- editQuantityValidation -->
        <test-method status="PASS" signature="editUnit()[pri:0, instance:com.nhuha.invoice.tests.Run@3aefe5e5]" name="editUnit" duration-ms="603" started-at="2014-09-28T16:38:16Z" finished-at="2014-09-28T16:38:16Z">
          <reporter-output>
          </reporter-output>
        </test-method> <!-- editUnit -->
        <test-method status="PASS" signature="emptyFieldsValidation()[pri:0, instance:com.nhuha.invoice.tests.Run@3aefe5e5]" name="emptyFieldsValidation" duration-ms="83" started-at="2014-09-28T16:38:16Z" finished-at="2014-09-28T16:38:16Z">
          <reporter-output>
          </reporter-output>
        </test-method> <!-- emptyFieldsValidation -->
        <test-method status="PASS" signature="priceValidation(java.lang.String)[pri:0, instance:com.nhuha.invoice.tests.Run@3aefe5e5]" name="priceValidation" duration-ms="152" started-at="2014-09-28T16:38:16Z" data-provider="quantityPriceProvider" finished-at="2014-09-28T16:38:16Z">
          <params>
            <param index="0">
              <value>
                <![CDATA[ ]]>
              </value>
            </param>
          </params>
          <reporter-output>
          </reporter-output>
        </test-method> <!-- priceValidation -->
        <test-method status="PASS" signature="priceValidation(java.lang.String)[pri:0, instance:com.nhuha.invoice.tests.Run@3aefe5e5]" name="priceValidation" duration-ms="151" started-at="2014-09-28T16:38:16Z" data-provider="quantityPriceProvider" finished-at="2014-09-28T16:38:17Z">
          <params>
            <param index="0">
              <value>
                <![CDATA[0]]>
              </value>
            </param>
          </params>
          <reporter-output>
          </reporter-output>
        </test-method> <!-- priceValidation -->
        <test-method status="PASS" signature="priceValidation(java.lang.String)[pri:0, instance:com.nhuha.invoice.tests.Run@3aefe5e5]" name="priceValidation" duration-ms="157" started-at="2014-09-28T16:38:17Z" data-provider="quantityPriceProvider" finished-at="2014-09-28T16:38:17Z">
          <params>
            <param index="0">
              <value>
                <![CDATA[-1.1]]>
              </value>
            </param>
          </params>
          <reporter-output>
          </reporter-output>
        </test-method> <!-- priceValidation -->
        <test-method status="PASS" signature="priceValidation(java.lang.String)[pri:0, instance:com.nhuha.invoice.tests.Run@3aefe5e5]" name="priceValidation" duration-ms="148" started-at="2014-09-28T16:38:17Z" data-provider="quantityPriceProvider" finished-at="2014-09-28T16:38:17Z">
          <params>
            <param index="0">
              <value>
                <![CDATA[C]]>
              </value>
            </param>
          </params>
          <reporter-output>
          </reporter-output>
        </test-method> <!-- priceValidation -->
        <test-method status="PASS" signature="priceValidation(java.lang.String)[pri:0, instance:com.nhuha.invoice.tests.Run@3aefe5e5]" name="priceValidation" duration-ms="162" started-at="2014-09-28T16:38:17Z" data-provider="quantityPriceProvider" finished-at="2014-09-28T16:38:17Z">
          <params>
            <param index="0">
              <value>
                <![CDATA[c]]>
              </value>
            </param>
          </params>
          <reporter-output>
          </reporter-output>
        </test-method> <!-- priceValidation -->
        <test-method status="PASS" signature="priceValidation(java.lang.String)[pri:0, instance:com.nhuha.invoice.tests.Run@3aefe5e5]" name="priceValidation" duration-ms="158" started-at="2014-09-28T16:38:17Z" data-provider="quantityPriceProvider" finished-at="2014-09-28T16:38:17Z">
          <params>
            <param index="0">
              <value>
                <![CDATA[-1]]>
              </value>
            </param>
          </params>
          <reporter-output>
          </reporter-output>
        </test-method> <!-- priceValidation -->
        <test-method status="PASS" signature="priceValidation(java.lang.String)[pri:0, instance:com.nhuha.invoice.tests.Run@3aefe5e5]" name="priceValidation" duration-ms="152" started-at="2014-09-28T16:38:17Z" data-provider="quantityPriceProvider" finished-at="2014-09-28T16:38:17Z">
          <params>
            <param index="0">
              <value>
                <![CDATA[CA]]>
              </value>
            </param>
          </params>
          <reporter-output>
          </reporter-output>
        </test-method> <!-- priceValidation -->
        <test-method status="PASS" signature="priceValidation(java.lang.String)[pri:0, instance:com.nhuha.invoice.tests.Run@3aefe5e5]" name="priceValidation" duration-ms="147" started-at="2014-09-28T16:38:17Z" data-provider="quantityPriceProvider" finished-at="2014-09-28T16:38:18Z">
          <params>
            <param index="0">
              <value>
                <![CDATA[ca]]>
              </value>
            </param>
          </params>
          <reporter-output>
          </reporter-output>
        </test-method> <!-- priceValidation -->
        <test-method status="PASS" signature="priceValidation(java.lang.String)[pri:0, instance:com.nhuha.invoice.tests.Run@3aefe5e5]" name="priceValidation" duration-ms="160" started-at="2014-09-28T16:38:18Z" data-provider="quantityPriceProvider" finished-at="2014-09-28T16:38:18Z">
          <params>
            <param index="0">
              <value>
                <![CDATA[%$]]>
              </value>
            </param>
          </params>
          <reporter-output>
          </reporter-output>
        </test-method> <!-- priceValidation -->
        <test-method status="PASS" signature="productNameValidation(java.lang.String)[pri:0, instance:com.nhuha.invoice.tests.Run@3aefe5e5]" name="productNameValidation" duration-ms="141" started-at="2014-09-28T16:38:18Z" data-provider="stringFieldsProvider" finished-at="2014-09-28T16:38:18Z">
          <params>
            <param index="0">
              <value>
                <![CDATA[ ]]>
              </value>
            </param>
          </params>
          <reporter-output>
          </reporter-output>
        </test-method> <!-- productNameValidation -->
        <test-method status="PASS" signature="productNameValidation(java.lang.String)[pri:0, instance:com.nhuha.invoice.tests.Run@3aefe5e5]" name="productNameValidation" duration-ms="141" started-at="2014-09-28T16:38:18Z" data-provider="stringFieldsProvider" finished-at="2014-09-28T16:38:18Z">
          <params>
            <param index="0">
              <value>
                <![CDATA[12]]>
              </value>
            </param>
          </params>
          <reporter-output>
          </reporter-output>
        </test-method> <!-- productNameValidation -->
        <test-method status="PASS" signature="productNameValidation(java.lang.String)[pri:0, instance:com.nhuha.invoice.tests.Run@3aefe5e5]" name="productNameValidation" duration-ms="162" started-at="2014-09-28T16:38:18Z" data-provider="stringFieldsProvider" finished-at="2014-09-28T16:38:18Z">
          <params>
            <param index="0">
              <value>
                <![CDATA[C]]>
              </value>
            </param>
          </params>
          <reporter-output>
          </reporter-output>
        </test-method> <!-- productNameValidation -->
        <test-method status="PASS" signature="productNameValidation(java.lang.String)[pri:0, instance:com.nhuha.invoice.tests.Run@3aefe5e5]" name="productNameValidation" duration-ms="148" started-at="2014-09-28T16:38:18Z" data-provider="stringFieldsProvider" finished-at="2014-09-28T16:38:18Z">
          <params>
            <param index="0">
              <value>
                <![CDATA[c]]>
              </value>
            </param>
          </params>
          <reporter-output>
          </reporter-output>
        </test-method> <!-- productNameValidation -->
        <test-method status="PASS" signature="productNameValidation(java.lang.String)[pri:0, instance:com.nhuha.invoice.tests.Run@3aefe5e5]" name="productNameValidation" duration-ms="157" started-at="2014-09-28T16:38:18Z" data-provider="stringFieldsProvider" finished-at="2014-09-28T16:38:18Z">
          <params>
            <param index="0">
              <value>
                <![CDATA[CA]]>
              </value>
            </param>
          </params>
          <reporter-output>
          </reporter-output>
        </test-method> <!-- productNameValidation -->
        <test-method status="PASS" signature="productNameValidation(java.lang.String)[pri:0, instance:com.nhuha.invoice.tests.Run@3aefe5e5]" name="productNameValidation" duration-ms="148" started-at="2014-09-28T16:38:18Z" data-provider="stringFieldsProvider" finished-at="2014-09-28T16:38:19Z">
          <params>
            <param index="0">
              <value>
                <![CDATA[ca]]>
              </value>
            </param>
          </params>
          <reporter-output>
          </reporter-output>
        </test-method> <!-- productNameValidation -->
        <test-method status="PASS" signature="productNameValidation(java.lang.String)[pri:0, instance:com.nhuha.invoice.tests.Run@3aefe5e5]" name="productNameValidation" duration-ms="151" started-at="2014-09-28T16:38:19Z" data-provider="stringFieldsProvider" finished-at="2014-09-28T16:38:19Z">
          <params>
            <param index="0">
              <value>
                <![CDATA[%$]]>
              </value>
            </param>
          </params>
          <reporter-output>
          </reporter-output>
        </test-method> <!-- productNameValidation -->
        <test-method status="PASS" signature="quantityValidation(java.lang.String)[pri:0, instance:com.nhuha.invoice.tests.Run@3aefe5e5]" name="quantityValidation" duration-ms="157" started-at="2014-09-28T16:38:19Z" data-provider="quantityPriceProvider" finished-at="2014-09-28T16:38:19Z">
          <params>
            <param index="0">
              <value>
                <![CDATA[ ]]>
              </value>
            </param>
          </params>
          <reporter-output>
          </reporter-output>
        </test-method> <!-- quantityValidation -->
        <test-method status="PASS" signature="quantityValidation(java.lang.String)[pri:0, instance:com.nhuha.invoice.tests.Run@3aefe5e5]" name="quantityValidation" duration-ms="156" started-at="2014-09-28T16:38:19Z" data-provider="quantityPriceProvider" finished-at="2014-09-28T16:38:19Z">
          <params>
            <param index="0">
              <value>
                <![CDATA[0]]>
              </value>
            </param>
          </params>
          <reporter-output>
          </reporter-output>
        </test-method> <!-- quantityValidation -->
        <test-method status="PASS" signature="quantityValidation(java.lang.String)[pri:0, instance:com.nhuha.invoice.tests.Run@3aefe5e5]" name="quantityValidation" duration-ms="175" started-at="2014-09-28T16:38:19Z" data-provider="quantityPriceProvider" finished-at="2014-09-28T16:38:19Z">
          <params>
            <param index="0">
              <value>
                <![CDATA[-1.1]]>
              </value>
            </param>
          </params>
          <reporter-output>
          </reporter-output>
        </test-method> <!-- quantityValidation -->
        <test-method status="PASS" signature="quantityValidation(java.lang.String)[pri:0, instance:com.nhuha.invoice.tests.Run@3aefe5e5]" name="quantityValidation" duration-ms="149" started-at="2014-09-28T16:38:19Z" data-provider="quantityPriceProvider" finished-at="2014-09-28T16:38:19Z">
          <params>
            <param index="0">
              <value>
                <![CDATA[C]]>
              </value>
            </param>
          </params>
          <reporter-output>
          </reporter-output>
        </test-method> <!-- quantityValidation -->
        <test-method status="PASS" signature="quantityValidation(java.lang.String)[pri:0, instance:com.nhuha.invoice.tests.Run@3aefe5e5]" name="quantityValidation" duration-ms="155" started-at="2014-09-28T16:38:19Z" data-provider="quantityPriceProvider" finished-at="2014-09-28T16:38:20Z">
          <params>
            <param index="0">
              <value>
                <![CDATA[c]]>
              </value>
            </param>
          </params>
          <reporter-output>
          </reporter-output>
        </test-method> <!-- quantityValidation -->
        <test-method status="PASS" signature="quantityValidation(java.lang.String)[pri:0, instance:com.nhuha.invoice.tests.Run@3aefe5e5]" name="quantityValidation" duration-ms="155" started-at="2014-09-28T16:38:20Z" data-provider="quantityPriceProvider" finished-at="2014-09-28T16:38:20Z">
          <params>
            <param index="0">
              <value>
                <![CDATA[-1]]>
              </value>
            </param>
          </params>
          <reporter-output>
          </reporter-output>
        </test-method> <!-- quantityValidation -->
        <test-method status="PASS" signature="quantityValidation(java.lang.String)[pri:0, instance:com.nhuha.invoice.tests.Run@3aefe5e5]" name="quantityValidation" duration-ms="161" started-at="2014-09-28T16:38:20Z" data-provider="quantityPriceProvider" finished-at="2014-09-28T16:38:20Z">
          <params>
            <param index="0">
              <value>
                <![CDATA[CA]]>
              </value>
            </param>
          </params>
          <reporter-output>
          </reporter-output>
        </test-method> <!-- quantityValidation -->
        <test-method status="PASS" signature="quantityValidation(java.lang.String)[pri:0, instance:com.nhuha.invoice.tests.Run@3aefe5e5]" name="quantityValidation" duration-ms="164" started-at="2014-09-28T16:38:20Z" data-provider="quantityPriceProvider" finished-at="2014-09-28T16:38:20Z">
          <params>
            <param index="0">
              <value>
                <![CDATA[ca]]>
              </value>
            </param>
          </params>
          <reporter-output>
          </reporter-output>
        </test-method> <!-- quantityValidation -->
        <test-method status="PASS" signature="quantityValidation(java.lang.String)[pri:0, instance:com.nhuha.invoice.tests.Run@3aefe5e5]" name="quantityValidation" duration-ms="162" started-at="2014-09-28T16:38:20Z" data-provider="quantityPriceProvider" finished-at="2014-09-28T16:38:20Z">
          <params>
            <param index="0">
              <value>
                <![CDATA[%$]]>
              </value>
            </param>
          </params>
          <reporter-output>
          </reporter-output>
        </test-method> <!-- quantityValidation -->
        <test-method status="PASS" signature="removeProduct()[pri:0, instance:com.nhuha.invoice.tests.Run@3aefe5e5]" name="removeProduct" duration-ms="658" started-at="2014-09-28T16:38:20Z" finished-at="2014-09-28T16:38:21Z">
          <reporter-output>
          </reporter-output>
        </test-method> <!-- removeProduct -->
        <test-method status="PASS" signature="totalPriceVerification()[pri:0, instance:com.nhuha.invoice.tests.Run@3aefe5e5]" name="totalPriceVerification" duration-ms="1760" started-at="2014-09-28T16:38:21Z" finished-at="2014-09-28T16:38:23Z">
          <reporter-output>
          </reporter-output>
        </test-method> <!-- totalPriceVerification -->
        <test-method status="PASS" signature="totalProductPriceVerification()[pri:0, instance:com.nhuha.invoice.tests.Run@3aefe5e5]" name="totalProductPriceVerification" duration-ms="723" started-at="2014-09-28T16:38:23Z" finished-at="2014-09-28T16:38:23Z">
          <reporter-output>
          </reporter-output>
        </test-method> <!-- totalProductPriceVerification -->
        <test-method status="PASS" signature="closeBrowser()[pri:0, instance:com.nhuha.invoice.tests.Run@3aefe5e5]" name="closeBrowser" is-config="true" duration-ms="1121" started-at="2014-09-28T16:38:23Z" finished-at="2014-09-28T16:38:24Z">
          <reporter-output>
          </reporter-output>
        </test-method> <!-- closeBrowser -->
      </class> <!-- com.nhuha.invoice.tests.Run -->
    </test> <!-- Run all invoice tests [Chrome] -->
  </suite> <!-- Invoice Suite -->
</testng-results>
